Using pre-set license
Built from '2021.3/staging' branch; Version is '2021.3.21f1 (1b156197d683) revision 1774945'; Using compiler version '192829333'; Build Type 'Release'
OS: 'Windows 11  (10.0.22621) 64bit Core' Language: 'en' Physical Memory: 32632 MB
BatchMode: 1, IsHumanControllingUs: 0, StartBugReporterOnCrash: 0, Is64bit: 1, IsPro: 1

COMMAND LINE ARGUMENTS:
E:\Unity\2021.3.21f1\Editor\Unity.exe
-adb2
-batchMode
-noUpm
-name
AssetImportWorker1
-projectPath
E:/Unity/Kitchen
-logFile
Logs/AssetImportWorker1.log
-srvPort
60546
Successfully changed project path to: E:/Unity/Kitchen
E:/Unity/Kitchen
[UnityMemory] Configuration Parameters - Can be set up in boot.config
    "memorysetup-bucket-allocator-granularity=16"
    "memorysetup-bucket-allocator-bucket-count=8"
    "memorysetup-bucket-allocator-block-size=33554432"
    "memorysetup-bucket-allocator-block-count=8"
    "memorysetup-main-allocator-block-size=16777216"
    "memorysetup-thread-allocator-block-size=16777216"
    "memorysetup-gfx-main-allocator-block-size=16777216"
    "memorysetup-gfx-thread-allocator-block-size=16777216"
    "memorysetup-cache-allocator-block-size=4194304"
    "memorysetup-typetree-allocator-block-size=2097152"
    "memorysetup-profiler-bucket-allocator-granularity=16"
    "memorysetup-profiler-bucket-allocator-bucket-count=8"
    "memorysetup-profiler-bucket-allocator-block-size=33554432"
    "memorysetup-profiler-bucket-allocator-block-count=8"
    "memorysetup-profiler-allocator-block-size=16777216"
    "memorysetup-profiler-editor-allocator-block-size=1048576"
    "memorysetup-temp-allocator-size-main=16777216"
    "memorysetup-job-temp-allocator-block-size=2097152"
    "memorysetup-job-temp-allocator-block-size-background=1048576"
    "memorysetup-job-temp-allocator-reduction-small-platforms=262144"
    "memorysetup-temp-allocator-size-background-worker=32768"
    "memorysetup-temp-allocator-size-job-worker=262144"
    "memorysetup-temp-allocator-size-preload-manager=33554432"
    "memorysetup-temp-allocator-size-nav-mesh-worker=65536"
    "memorysetup-temp-allocator-size-audio-worker=65536"
    "memorysetup-temp-allocator-size-cloud-worker=32768"
    "memorysetup-temp-allocator-size-gi-baking-worker=262144"
    "memorysetup-temp-allocator-size-gfx=262144"
Player connection [31168] Host "[IP] 10.206.98.167 [Port] 0 [Flags] 2 [Guid] 3957669987 [EditorId] 3957669987 [Version] 1048832 [Id] WindowsEditor(7,DESKTOP-GR80CPO) [Debug] 1 [PackageName] WindowsEditor [ProjectName] Editor" joined multi-casting on [225.0.0.222:54997]...

Player connection [31168] Host "[IP] 10.206.98.167 [Port] 0 [Flags] 2 [Guid] 3957669987 [EditorId] 3957669987 [Version] 1048832 [Id] WindowsEditor(7,DESKTOP-GR80CPO) [Debug] 1 [PackageName] WindowsEditor [ProjectName] Editor" joined alternative multi-casting on [225.0.0.222:34997]...

Refreshing native plugins compatible for Editor in 123.16 ms, found 12 plugins.
Preloading 1 native plugins for Editor in 0.39 ms.
Initialize engine version: 2021.3.21f1 (1b156197d683)
[Subsystems] Discovering subsystems at path E:/Unity/2021.3.21f1/Editor/Data/Resources/UnitySubsystems
[Subsystems] Discovering subsystems at path E:/Unity/Kitchen/Assets
GfxDevice: creating device client; threaded=0; jobified=0
Direct3D:
    Version:  Direct3D 11.0 [level 11.1]
    Renderer: NVIDIA GeForce RTX 3080 (ID=0x2206)
    Vendor:   NVIDIA
    VRAM:     10067 MB
    Driver:   31.0.15.3129
Initialize mono
Mono path[0] = 'E:/Unity/2021.3.21f1/Editor/Data/Managed'
Mono path[1] = 'E:/Unity/2021.3.21f1/Editor/Data/MonoBleedingEdge/lib/mono/unityjit-win32'
Mono config path = 'E:/Unity/2021.3.21f1/Editor/Data/MonoBleedingEdge/etc'
Using monoOptions --debugger-agent=transport=dt_socket,embedding=1,server=y,suspend=n,address=127.0.0.1:56796
Begin MonoManager ReloadAssembly
Registering precompiled unity dll's ...
Register platform support module: E:/Unity/2021.3.21f1/Editor/Data/PlaybackEngines/WebGLSupport/UnityEditor.WebGL.Extensions.dll
Register platform support module: E:/Unity/2021.3.21f1/Editor/Data/PlaybackEngines/AndroidPlayer/UnityEditor.Android.Extensions.dll
Register platform support module: E:/Unity/2021.3.21f1/Editor/Data/PlaybackEngines/WindowsStandaloneSupport/UnityEditor.WindowsStandalone.Extensions.dll
Register platform support module: E:/Unity/2021.3.21f1/Editor/Data/PlaybackEngines/MetroSupport/UnityEditor.UWP.Extensions.dll
Registered in 0.002241 seconds.
Native extension for UWP target not found
Native extension for WindowsStandalone target not found
Native extension for Android target not found
Android Extension - Scanning For ADB Devices 2361 ms
Native extension for WebGL target not found
Refreshing native plugins compatible for Editor in 87.02 ms, found 12 plugins.
Preloading 1 native plugins for Editor in 0.04 ms.
Mono: successfully reloaded assembly
- Completed reload, in  3.049 seconds
Domain Reload Profiling:
	ReloadAssembly (3049ms)
		BeginReloadAssembly (115ms)
			ExecutionOrderSort (0ms)
			DisableScriptedObjects (0ms)
			BackupInstance (0ms)
			ReleaseScriptingObjects (0ms)
			CreateAndSetChildDomain (1ms)
		EndReloadAssembly (2847ms)
			LoadAssemblies (115ms)
			RebuildTransferFunctionScriptingTraits (0ms)
			SetupTypeCache (111ms)
			ReleaseScriptCaches (0ms)
			RebuildScriptCaches (27ms)
			SetupLoadedEditorAssemblies (2665ms)
				LogAssemblyErrors (0ms)
				InitializePlatformSupportModulesInManaged (2455ms)
				SetLoadedEditorAssemblies (0ms)
				RefreshPlugins (87ms)
				BeforeProcessingInitializeOnLoad (1ms)
				ProcessInitializeOnLoadAttributes (86ms)
				ProcessInitializeOnLoadMethodAttributes (35ms)
				AfterProcessingInitializeOnLoad (0ms)
				EditorAssembliesLoaded (0ms)
			ExecutionOrderSort2 (0ms)
			AwakeInstancesAfterBackupRestoration (0ms)
Platform modules already initialized, skipping
Registering precompiled user dll's ...
Registered in 0.004919 seconds.
Begin MonoManager ReloadAssembly
Symbol file LoadedFromMemory doesn't match image E:\Unity\Kitchen\Library\PackageCache\com.unity.visualscripting@1.8.0\Editor\VisualScripting.Core\Dependencies\DotNetZip\Unity.VisualScripting.IonicZip.dll
Symbol file LoadedFromMemory doesn't match image E:\Unity\Kitchen\Library\PackageCache\com.unity.visualscripting@1.8.0\Editor\VisualScripting.Core\Dependencies\YamlDotNet\Unity.VisualScripting.YamlDotNet.dll
Native extension for UWP target not found
Native extension for WindowsStandalone target not found
Native extension for Android target not found
Native extension for WebGL target not found
Refreshing native plugins compatible for Editor in 84.59 ms, found 12 plugins.
Preloading 1 native plugins for Editor in 0.05 ms.
Package Manager log level set to [2]
System.Reflection.TargetInvocationException: Exception has been thrown by the target of an invocation. ---> System.NullReferenceException: Object reference not set to an instance of an object
  at Unity.XR.Oculus.OculusLoader.AssetPathToAbsolutePath (System.String assetPath) [0x0003d] in E:\Unity\Kitchen\Library\PackageCache\com.unity.xr.oculus@3.2.3\Runtime\OculusLoader.cs:296 
  at Unity.XR.Oculus.OculusLoader.EditorLoadOVRPlugin () [0x0007b] in E:\Unity\Kitchen\Library\PackageCache\com.unity.xr.oculus@3.2.3\Runtime\OculusLoader.cs:281 
  at (wrapper managed-to-native) System.Reflection.RuntimeMethodInfo.InternalInvoke(System.Reflection.RuntimeMethodInfo,object,object[],System.Exception&)
  at System.Reflection.RuntimeMethodInfo.Invoke (System.Object obj, System.Reflection.BindingFlags invokeAttr, System.Reflection.Binder binder, System.Object[] parameters, System.Globalization.CultureInfo culture) [0x0006a] in <88e4733ac7bc4ae1b496735e6b83bbd3>:0 
   --- End of inner exception stack trace ---
  at System.Reflection.RuntimeMethodInfo.Invoke (System.Object obj, System.Reflection.BindingFlags invokeAttr, System.Reflection.Binder binder, System.Object[] parameters, System.Globalization.CultureInfo culture) [0x00083] in <88e4733ac7bc4ae1b496735e6b83bbd3>:0 
  at System.Reflection.MethodBase.Invoke (System.Object obj, System.Object[] parameters) [0x00000] in <88e4733ac7bc4ae1b496735e6b83bbd3>:0 
  at UnityEditor.EditorAssemblies.ProcessInitializeOnLoadMethodAttributes () [0x000a5] in <57a8ad0d1492436d8cfee9ba8e6618f8>:0 
UnityEngine.StackTraceUtility:ExtractStackTrace ()
UnityEngine.DebugLogHandler:LogFormat (UnityEngine.LogType,UnityEngine.Object,string,object[])
UnityEngine.Logger:Log (UnityEngine.LogType,object)
UnityEngine.Debug:LogError (object)
UnityEditor.EditorAssemblies:ProcessInitializeOnLoadMethodAttributes ()

Mono: successfully reloaded assembly
- Completed reload, in  1.128 seconds
Domain Reload Profiling:
	ReloadAssembly (1129ms)
		BeginReloadAssembly (96ms)
			ExecutionOrderSort (0ms)
			DisableScriptedObjects (5ms)
			BackupInstance (0ms)
			ReleaseScriptingObjects (0ms)
			CreateAndSetChildDomain (18ms)
		EndReloadAssembly (939ms)
			LoadAssemblies (79ms)
			RebuildTransferFunctionScriptingTraits (0ms)
			SetupTypeCache (283ms)
			ReleaseScriptCaches (1ms)
			RebuildScriptCaches (62ms)
			SetupLoadedEditorAssemblies (454ms)
				LogAssemblyErrors (0ms)
				InitializePlatformSupportModulesInManaged (16ms)
				SetLoadedEditorAssemblies (0ms)
				RefreshPlugins (85ms)
				BeforeProcessingInitializeOnLoad (72ms)
				ProcessInitializeOnLoadAttributes (253ms)
				ProcessInitializeOnLoadMethodAttributes (25ms)
				AfterProcessingInitializeOnLoad (2ms)
				EditorAssembliesLoaded (0ms)
			ExecutionOrderSort2 (0ms)
			AwakeInstancesAfterBackupRestoration (5ms)
Platform modules already initialized, skipping
========================================================================
Worker process is ready to serve import requests
Launched and connected shader compiler UnityShaderCompiler.exe after 0.04 seconds
Refreshing native plugins compatible for Editor in 1.54 ms, found 12 plugins.
Preloading 1 native plugins for Editor in 0.08 ms.
Unloading 3783 Unused Serialized files (Serialized files now loaded: 0)
Unloading 52 unused Assets / (114.4 KB). Loaded Objects now: 4223.
Memory consumption went from 134.9 MB to 134.8 MB.
Total: 5.340000 ms (FindLiveObjects: 0.469700 ms CreateObjectMapping: 0.554200 ms MarkObjects: 4.170100 ms  DeleteObjects: 0.144700 ms)

AssetImportParameters requested are different than current active one (requested -> active):
  custom:video-decoder-ogg-theora: a1e56fd34408186e4bbccfd4996cb3dc -> 
  custom:container-muxer-webm: aa71ff27fc2769a1b78a27578f13a17b -> 
  custom:container-demuxer-webm: 4f35f7cbe854078d1ac9338744f61a02 -> 
  custom:video-encoder-webm-vp8: eb34c28f22e8b96e1ab97ce403110664 -> 
  custom:video-codec-MediaFoundation-h265: 746d11721c4dcdbdad8f713fa42b33f4 -> 
  custom:audio-encoder-webm-vorbis: bf7c407c2cedff20999df2af8eb42d56 -> 
  custom:framework-win-MediaFoundation: 216162199b28c13a410421893ffa2e32 -> 
  custom:container-demuxer-ogg: 62fdf1f143b41e24485cea50d1cbac27 -> 
  custom:video-decoder-webm-vp8: 9c59270c3fd7afecdb556c50c9e8de78 -> 
  custom:audio-decoder-ogg-vorbis: bf7c407c2cedff20999df2af8eb42d56 -> 
========================================================================
Received Import Request.
  Time since last request: 55992.282068 seconds.
  path: Assets/Alstrainfinite/KitchenAppliances/Prefabs/(Old) Version1.0/FanV2.prefab
  artifactKey: Guid(d5fdaf74a9bc91242b841883b4c65b21) Importer(815301076,1909f56bfc062723c751e8b465ee728b)
Start importing Assets/Alstrainfinite/KitchenAppliances/Prefabs/(Old) Version1.0/FanV2.prefab using Guid(d5fdaf74a9bc91242b841883b4c65b21) Importer(815301076,1909f56bfc062723c751e8b465ee728b)  -> (artifact id: '12b9ac6cf06feb176aef145366d33edf') in 0.214881 seconds 
========================================================================
Received Import Request.
  Time since last request: 373.640356 seconds.
  path: Assets/Alstrainfinite/KitchenAppliances/Models/Seperated For Animation/AirFryer.fbx
  artifactKey: Guid(0ac85a8a32feb7f43b8246c295d7a2f9) Importer(815301076,1909f56bfc062723c751e8b465ee728b)
Start importing Assets/Alstrainfinite/KitchenAppliances/Models/Seperated For Animation/AirFryer.fbx using Guid(0ac85a8a32feb7f43b8246c295d7a2f9) Importer(815301076,1909f56bfc062723c751e8b465ee728b)  -> (artifact id: 'f054a077fe7416db9007e78bf1d22c02') in 0.093733 seconds 
========================================================================
Received Import Request.
  Time since last request: 0.000029 seconds.
  path: Assets/Alstrainfinite/KitchenAppliances/Models/Seperated For Animation/Fridge.fbx
  artifactKey: Guid(d47242c9dad9fd94da628bcf6fb36c2e) Importer(815301076,1909f56bfc062723c751e8b465ee728b)
Start importing Assets/Alstrainfinite/KitchenAppliances/Models/Seperated For Animation/Fridge.fbx using Guid(d47242c9dad9fd94da628bcf6fb36c2e) Importer(815301076,1909f56bfc062723c751e8b465ee728b)  -> (artifact id: '7c51124d166e09a232d21ba5e1820945') in 0.076348 seconds 
========================================================================
Received Import Request.
  Time since last request: 0.000051 seconds.
  path: Assets/Alstrainfinite/KitchenAppliances/Models/Seperated For Animation/Washer.fbx
  artifactKey: Guid(8b5c6df027335f643a26ec88baebf5d5) Importer(815301076,1909f56bfc062723c751e8b465ee728b)
Start importing Assets/Alstrainfinite/KitchenAppliances/Models/Seperated For Animation/Washer.fbx using Guid(8b5c6df027335f643a26ec88baebf5d5) Importer(815301076,1909f56bfc062723c751e8b465ee728b)  -> (artifact id: 'dc4e7d56efa5524541023de2a30cbadf') in 0.060979 seconds 
========================================================================
Received Import Request.
  Time since last request: 0.000013 seconds.
  path: Assets/Alstrainfinite/KitchenAppliances/Models/Seperated For Animation/Fridge_SBS.fbx
  artifactKey: Guid(4ef85326d2b48fb48bee81014892b40d) Importer(815301076,1909f56bfc062723c751e8b465ee728b)
Start importing Assets/Alstrainfinite/KitchenAppliances/Models/Seperated For Animation/Fridge_SBS.fbx using Guid(4ef85326d2b48fb48bee81014892b40d) Importer(815301076,1909f56bfc062723c751e8b465ee728b)  -> (artifact id: '96297643cf006899e8cfcd9ac0e0c764') in 0.096181 seconds 
========================================================================
Received Import Request.
  Time since last request: 0.000014 seconds.
  path: Assets/Alstrainfinite/KitchenAppliances/Models/Seperated For Animation/Mixer.fbx
  artifactKey: Guid(ea8e93118a7927544a41c3ed730ce340) Importer(815301076,1909f56bfc062723c751e8b465ee728b)
Start importing Assets/Alstrainfinite/KitchenAppliances/Models/Seperated For Animation/Mixer.fbx using Guid(ea8e93118a7927544a41c3ed730ce340) Importer(815301076,1909f56bfc062723c751e8b465ee728b)  -> (artifact id: '2c8b608002794e2f5f60c391d0a62ba5') in 0.016483 seconds 
========================================================================
Received Import Request.
  Time since last request: 0.000015 seconds.
  path: Assets/Alstrainfinite/KitchenAppliances/Models/Seperated For Animation/Stovetop.fbx
  artifactKey: Guid(a458eddf41afe1a4793dca03fc1105be) Importer(815301076,1909f56bfc062723c751e8b465ee728b)
Start importing Assets/Alstrainfinite/KitchenAppliances/Models/Seperated For Animation/Stovetop.fbx using Guid(a458eddf41afe1a4793dca03fc1105be) Importer(815301076,1909f56bfc062723c751e8b465ee728b)  -> (artifact id: '3c4ac8e7a4f95170068d15255cc0cd55') in 0.025268 seconds 
========================================================================
Received Import Request.
  Time since last request: 5.708089 seconds.
  path: Assets/Alstrainfinite/KitchenAppliances/Scenes/Demo Materials/Counter.mat
  artifactKey: Guid(3e5f7490e6152e442a9332721e6db671) Importer(815301076,1909f56bfc062723c751e8b465ee728b)
Start importing Assets/Alstrainfinite/KitchenAppliances/Scenes/Demo Materials/Counter.mat using Guid(3e5f7490e6152e442a9332721e6db671) Importer(815301076,1909f56bfc062723c751e8b465ee728b)  -> (artifact id: 'a3e26f8f1b3a6f902b19a472b533aca6') in 0.016206 seconds 
========================================================================
Received Import Request.
  Time since last request: 2.597168 seconds.
  path: Assets/Alstrainfinite/KitchenAppliances/Prefabs/AirFryer.prefab
  artifactKey: Guid(fbfe382c29a4ab547a520eb7084a534c) Importer(815301076,1909f56bfc062723c751e8b465ee728b)
Start importing Assets/Alstrainfinite/KitchenAppliances/Prefabs/AirFryer.prefab using Guid(fbfe382c29a4ab547a520eb7084a534c) Importer(815301076,1909f56bfc062723c751e8b465ee728b)  -> (artifact id: '36095950d09b7afbf555247dd342320b') in 0.008644 seconds 
========================================================================
Received Import Request.
  Time since last request: 0.000018 seconds.
  path: Assets/Alstrainfinite/KitchenAppliances/Prefabs/Fridge.prefab
  artifactKey: Guid(7b5ec1159cb969d4a8fe69fddc2f17d8) Importer(815301076,1909f56bfc062723c751e8b465ee728b)
Start importing Assets/Alstrainfinite/KitchenAppliances/Prefabs/Fridge.prefab using Guid(7b5ec1159cb969d4a8fe69fddc2f17d8) Importer(815301076,1909f56bfc062723c751e8b465ee728b)  -> (artifact id: '764a02bd769b18047dc2895cb256411f') in 0.013971 seconds 
========================================================================
Received Import Request.
  Time since last request: 0.000014 seconds.
  path: Assets/Alstrainfinite/KitchenAppliances/Prefabs/Stovetop.prefab
  artifactKey: Guid(eb766ebb61571b14baf76b08c8426daa) Importer(815301076,1909f56bfc062723c751e8b465ee728b)
Start importing Assets/Alstrainfinite/KitchenAppliances/Prefabs/Stovetop.prefab using Guid(eb766ebb61571b14baf76b08c8426daa) Importer(815301076,1909f56bfc062723c751e8b465ee728b)  -> (artifact id: '5c7f76e5b8f8e9efad8da3dea077a0c4') in 0.010388 seconds 
========================================================================
Received Import Request.
  Time since last request: 16.096847 seconds.
  path: Assets/Alstrainfinite/KitchenAppliances/Textures/StoveTop.png
  artifactKey: Guid(a2a56db6421bc114ab94a5e145006cd6) Importer(815301076,1909f56bfc062723c751e8b465ee728b)
Start importing Assets/Alstrainfinite/KitchenAppliances/Textures/StoveTop.png using Guid(a2a56db6421bc114ab94a5e145006cd6) Importer(815301076,1909f56bfc062723c751e8b465ee728b)  -> (artifact id: 'fd7ead6eba72ff3b85774dc163725dd6') in 0.030701 seconds 
========================================================================
Received Import Request.
  Time since last request: 2.403444 seconds.
  path: Assets/Alstrainfinite/KitchenAppliances/Materials/Main.mat
  artifactKey: Guid(f7bbd21b1298745458209aed31d9c489) Importer(815301076,1909f56bfc062723c751e8b465ee728b)
Start importing Assets/Alstrainfinite/KitchenAppliances/Materials/Main.mat using Guid(f7bbd21b1298745458209aed31d9c489) Importer(815301076,1909f56bfc062723c751e8b465ee728b)  -> (artifact id: 'dcea1558dcf9ba55564c9c48a316f31d') in 0.008538 seconds 
========================================================================
Received Import Request.
  Time since last request: 773.823236 seconds.
  path: Assets
  artifactKey: Guid(00000000000000001000000000000000) Importer(815301076,1909f56bfc062723c751e8b465ee728b)
Start importing Assets using Guid(00000000000000001000000000000000) Importer(815301076,1909f56bfc062723c751e8b465ee728b)  -> (artifact id: '79842766b460edbeab6a34051e857a80') in 0.004798 seconds 
========================================================================
Received Import Request.
  Time since last request: 17.424087 seconds.
  path: Assets/New Material.mat
  artifactKey: Guid(a02d33e8ed93c2c4ca6034c0634b2529) Importer(815301076,1909f56bfc062723c751e8b465ee728b)
Start importing Assets/New Material.mat using Guid(a02d33e8ed93c2c4ca6034c0634b2529) Importer(815301076,1909f56bfc062723c751e8b465ee728b)  -> (artifact id: '91a5bd33563f57f101e91528d62830f0') in 0.010110 seconds 
========================================================================
Received Import Request.
  Time since last request: 28.861680 seconds.
  path: Assets/KitchenWood.mat
  artifactKey: Guid(a02d33e8ed93c2c4ca6034c0634b2529) Importer(815301076,1909f56bfc062723c751e8b465ee728b)
Start importing Assets/KitchenWood.mat using Guid(a02d33e8ed93c2c4ca6034c0634b2529) Importer(815301076,1909f56bfc062723c751e8b465ee728b)  -> (artifact id: 'df8f912723194be4b85b1df66ac15e4a') in 0.008064 seconds 
========================================================================
Received Import Request.
  Time since last request: 98.207210 seconds.
  path: Assets/Alstrainfinite/KitchenAppliances/Prefabs
  artifactKey: Guid(657babed12cee9a4aa7f31cc9efe2082) Importer(815301076,1909f56bfc062723c751e8b465ee728b)
Start importing Assets/Alstrainfinite/KitchenAppliances/Prefabs using Guid(657babed12cee9a4aa7f31cc9efe2082) Importer(815301076,1909f56bfc062723c751e8b465ee728b)  -> (artifact id: 'bd5d2f89e18e2e203db57698db470bc6') in 0.012416 seconds 
========================================================================
Received Import Request.
  Time since last request: 766.101648 seconds.
  path: Assets/KitchenWall.mat
  artifactKey: Guid(8cbcce289d37c7d44a2656a8be03e810) Importer(815301076,1909f56bfc062723c751e8b465ee728b)
Start importing Assets/KitchenWall.mat using Guid(8cbcce289d37c7d44a2656a8be03e810) Importer(815301076,1909f56bfc062723c751e8b465ee728b)  -> (artifact id: '5f60c80d7b45fb322dd290e403db29c8') in 0.008979 seconds 
========================================================================
Received Import Request.
  Time since last request: 97.054189 seconds.
  path: Assets/KitchenFloor.mat
  artifactKey: Guid(f0dc5e5bc49a18b43877923492c3a92a) Importer(815301076,1909f56bfc062723c751e8b465ee728b)
Start importing Assets/KitchenFloor.mat using Guid(f0dc5e5bc49a18b43877923492c3a92a) Importer(815301076,1909f56bfc062723c751e8b465ee728b)  -> (artifact id: '2428f342fcdeeac5ec4f60480e15533b') in 0.009110 seconds 
========================================================================
Received Import Request.
  Time since last request: 685.911713 seconds.
  path: Assets/KitchenFloor.mat
  artifactKey: Guid(f0dc5e5bc49a18b43877923492c3a92a) Importer(815301076,1909f56bfc062723c751e8b465ee728b)
Start importing Assets/KitchenFloor.mat using Guid(f0dc5e5bc49a18b43877923492c3a92a) Importer(815301076,1909f56bfc062723c751e8b465ee728b)  -> (artifact id: 'bd53a8291c67c8bfb6afad3d4ee9892b') in 0.013114 seconds 
========================================================================
Received Import Request.
  Time since last request: 0.000022 seconds.
  path: Assets/KitchenWood.mat
  artifactKey: Guid(a02d33e8ed93c2c4ca6034c0634b2529) Importer(815301076,1909f56bfc062723c751e8b465ee728b)
Start importing Assets/KitchenWood.mat using Guid(a02d33e8ed93c2c4ca6034c0634b2529) Importer(815301076,1909f56bfc062723c751e8b465ee728b)  -> (artifact id: '9020e66a3ab9941fc07cc66d89e2005d') in 0.019780 seconds 
