Using pre-set license
Built from '2021.3/staging' branch; Version is '2021.3.21f1 (1b156197d683) revision 1774945'; Using compiler version '192829333'; Build Type 'Release'
OS: 'Windows 11  (10.0.22621) 64bit Core' Language: 'en' Physical Memory: 32632 MB
BatchMode: 1, IsHumanControllingUs: 0, StartBugReporterOnCrash: 0, Is64bit: 1, IsPro: 1

COMMAND LINE ARGUMENTS:
E:\Unity\2021.3.21f1\Editor\Unity.exe
-adb2
-batchMode
-noUpm
-name
AssetImportWorker4
-projectPath
E:/Unity/Kitchen
-logFile
Logs/AssetImportWorker4.log
-srvPort
53881
Successfully changed project path to: E:/Unity/Kitchen
E:/Unity/Kitchen
[UnityMemory] Configuration Parameters - Can be set up in boot.config
    "memorysetup-bucket-allocator-granularity=16"
    "memorysetup-bucket-allocator-bucket-count=8"
    "memorysetup-bucket-allocator-block-size=33554432"
    "memorysetup-bucket-allocator-block-count=8"
    "memorysetup-main-allocator-block-size=16777216"
    "memorysetup-thread-allocator-block-size=16777216"
    "memorysetup-gfx-main-allocator-block-size=16777216"
    "memorysetup-gfx-thread-allocator-block-size=16777216"
    "memorysetup-cache-allocator-block-size=4194304"
    "memorysetup-typetree-allocator-block-size=2097152"
    "memorysetup-profiler-bucket-allocator-granularity=16"
    "memorysetup-profiler-bucket-allocator-bucket-count=8"
    "memorysetup-profiler-bucket-allocator-block-size=33554432"
    "memorysetup-profiler-bucket-allocator-block-count=8"
    "memorysetup-profiler-allocator-block-size=16777216"
    "memorysetup-profiler-editor-allocator-block-size=1048576"
    "memorysetup-temp-allocator-size-main=16777216"
    "memorysetup-job-temp-allocator-block-size=2097152"
    "memorysetup-job-temp-allocator-block-size-background=1048576"
    "memorysetup-job-temp-allocator-reduction-small-platforms=262144"
    "memorysetup-temp-allocator-size-background-worker=32768"
    "memorysetup-temp-allocator-size-job-worker=262144"
    "memorysetup-temp-allocator-size-preload-manager=33554432"
    "memorysetup-temp-allocator-size-nav-mesh-worker=65536"
    "memorysetup-temp-allocator-size-audio-worker=65536"
    "memorysetup-temp-allocator-size-cloud-worker=32768"
    "memorysetup-temp-allocator-size-gi-baking-worker=262144"
    "memorysetup-temp-allocator-size-gfx=262144"
Player connection [32160] Host "[IP] 192.168.12.202 [Port] 0 [Flags] 2 [Guid] 3793640169 [EditorId] 3793640169 [Version] 1048832 [Id] WindowsEditor(7,DESKTOP-GR80CPO) [Debug] 1 [PackageName] WindowsEditor [ProjectName] Editor" joined multi-casting on [225.0.0.222:54997]...

Player connection [32160] Host "[IP] 192.168.12.202 [Port] 0 [Flags] 2 [Guid] 3793640169 [EditorId] 3793640169 [Version] 1048832 [Id] WindowsEditor(7,DESKTOP-GR80CPO) [Debug] 1 [PackageName] WindowsEditor [ProjectName] Editor" joined alternative multi-casting on [225.0.0.222:34997]...

Refreshing native plugins compatible for Editor in 615.48 ms, found 12 plugins.
Preloading 1 native plugins for Editor in 0.44 ms.
Initialize engine version: 2021.3.21f1 (1b156197d683)
[Subsystems] Discovering subsystems at path E:/Unity/2021.3.21f1/Editor/Data/Resources/UnitySubsystems
[Subsystems] Discovering subsystems at path E:/Unity/Kitchen/Assets
GfxDevice: creating device client; threaded=0; jobified=0
Direct3D:
    Version:  Direct3D 11.0 [level 11.1]
    Renderer: NVIDIA GeForce RTX 3080 (ID=0x2206)
    Vendor:   NVIDIA
    VRAM:     10067 MB
    Driver:   31.0.15.3129
Initialize mono
Mono path[0] = 'E:/Unity/2021.3.21f1/Editor/Data/Managed'
Mono path[1] = 'E:/Unity/2021.3.21f1/Editor/Data/MonoBleedingEdge/lib/mono/unityjit-win32'
Mono config path = 'E:/Unity/2021.3.21f1/Editor/Data/MonoBleedingEdge/etc'
Using monoOptions --debugger-agent=transport=dt_socket,embedding=1,server=y,suspend=n,address=127.0.0.1:56216
Begin MonoManager ReloadAssembly
Registering precompiled unity dll's ...
Register platform support module: E:/Unity/2021.3.21f1/Editor/Data/PlaybackEngines/WebGLSupport/UnityEditor.WebGL.Extensions.dll
Register platform support module: E:/Unity/2021.3.21f1/Editor/Data/PlaybackEngines/AndroidPlayer/UnityEditor.Android.Extensions.dll
Register platform support module: E:/Unity/2021.3.21f1/Editor/Data/PlaybackEngines/WindowsStandaloneSupport/UnityEditor.WindowsStandalone.Extensions.dll
Register platform support module: E:/Unity/2021.3.21f1/Editor/Data/PlaybackEngines/MetroSupport/UnityEditor.UWP.Extensions.dll
Registered in 0.639723 seconds.
Native extension for UWP target not found
Native extension for WindowsStandalone target not found
Native extension for Android target not found
Android Extension - Scanning For ADB Devices 334 ms
Native extension for WebGL target not found
Refreshing native plugins compatible for Editor in 86.73 ms, found 12 plugins.
Preloading 1 native plugins for Editor in 0.04 ms.
Mono: successfully reloaded assembly
- Completed reload, in  5.755 seconds
Domain Reload Profiling:
	ReloadAssembly (5755ms)
		BeginReloadAssembly (3367ms)
			ExecutionOrderSort (0ms)
			DisableScriptedObjects (0ms)
			BackupInstance (0ms)
			ReleaseScriptingObjects (0ms)
			CreateAndSetChildDomain (1ms)
		EndReloadAssembly (1453ms)
			LoadAssemblies (3377ms)
			RebuildTransferFunctionScriptingTraits (0ms)
			SetupTypeCache (784ms)
			ReleaseScriptCaches (0ms)
			RebuildScriptCaches (21ms)
			SetupLoadedEditorAssemblies (599ms)
				LogAssemblyErrors (0ms)
				InitializePlatformSupportModulesInManaged (397ms)
				SetLoadedEditorAssemblies (0ms)
				RefreshPlugins (87ms)
				BeforeProcessingInitializeOnLoad (1ms)
				ProcessInitializeOnLoadAttributes (74ms)
				ProcessInitializeOnLoadMethodAttributes (39ms)
				AfterProcessingInitializeOnLoad (0ms)
				EditorAssembliesLoaded (0ms)
			ExecutionOrderSort2 (0ms)
			AwakeInstancesAfterBackupRestoration (0ms)
Platform modules already initialized, skipping
Registering precompiled user dll's ...
Registered in 1.131595 seconds.
Begin MonoManager ReloadAssembly
Symbol file LoadedFromMemory doesn't match image E:\Unity\Kitchen\Library\PackageCache\com.unity.visualscripting@1.8.0\Editor\VisualScripting.Core\Dependencies\DotNetZip\Unity.VisualScripting.IonicZip.dll
Symbol file LoadedFromMemory doesn't match image E:\Unity\Kitchen\Library\PackageCache\com.unity.visualscripting@1.8.0\Editor\VisualScripting.Core\Dependencies\YamlDotNet\Unity.VisualScripting.YamlDotNet.dll
Native extension for UWP target not found
Native extension for WindowsStandalone target not found
Native extension for Android target not found
Native extension for WebGL target not found
Refreshing native plugins compatible for Editor in 94.57 ms, found 12 plugins.
Preloading 1 native plugins for Editor in 0.04 ms.
Package Manager log level set to [2]
System.Reflection.TargetInvocationException: Exception has been thrown by the target of an invocation. ---> System.NullReferenceException: Object reference not set to an instance of an object
  at Unity.XR.Oculus.OculusLoader.AssetPathToAbsolutePath (System.String assetPath) [0x0003d] in E:\Unity\Kitchen\Library\PackageCache\com.unity.xr.oculus@3.2.3\Runtime\OculusLoader.cs:296 
  at Unity.XR.Oculus.OculusLoader.EditorLoadOVRPlugin () [0x0007b] in E:\Unity\Kitchen\Library\PackageCache\com.unity.xr.oculus@3.2.3\Runtime\OculusLoader.cs:281 
  at (wrapper managed-to-native) System.Reflection.RuntimeMethodInfo.InternalInvoke(System.Reflection.RuntimeMethodInfo,object,object[],System.Exception&)
  at System.Reflection.RuntimeMethodInfo.Invoke (System.Object obj, System.Reflection.BindingFlags invokeAttr, System.Reflection.Binder binder, System.Object[] parameters, System.Globalization.CultureInfo culture) [0x0006a] in <88e4733ac7bc4ae1b496735e6b83bbd3>:0 
   --- End of inner exception stack trace ---
  at System.Reflection.RuntimeMethodInfo.Invoke (System.Object obj, System.Reflection.BindingFlags invokeAttr, System.Reflection.Binder binder, System.Object[] parameters, System.Globalization.CultureInfo culture) [0x00083] in <88e4733ac7bc4ae1b496735e6b83bbd3>:0 
  at System.Reflection.MethodBase.Invoke (System.Object obj, System.Object[] parameters) [0x00000] in <88e4733ac7bc4ae1b496735e6b83bbd3>:0 
  at UnityEditor.EditorAssemblies.ProcessInitializeOnLoadMethodAttributes () [0x000a5] in <57a8ad0d1492436d8cfee9ba8e6618f8>:0 
UnityEngine.StackTraceUtility:ExtractStackTrace ()
UnityEngine.DebugLogHandler:LogFormat (UnityEngine.LogType,UnityEngine.Object,string,object[])
UnityEngine.Logger:Log (UnityEngine.LogType,object)
UnityEngine.Debug:LogError (object)
UnityEditor.EditorAssemblies:ProcessInitializeOnLoadMethodAttributes ()

Mono: successfully reloaded assembly
- Completed reload, in  5.288 seconds
Domain Reload Profiling:
	ReloadAssembly (5288ms)
		BeginReloadAssembly (96ms)
			ExecutionOrderSort (0ms)
			DisableScriptedObjects (6ms)
			BackupInstance (0ms)
			ReleaseScriptingObjects (0ms)
			CreateAndSetChildDomain (17ms)
		EndReloadAssembly (5072ms)
			LoadAssemblies (3634ms)
			RebuildTransferFunctionScriptingTraits (0ms)
			SetupTypeCache (742ms)
			ReleaseScriptCaches (1ms)
			RebuildScriptCaches (52ms)
			SetupLoadedEditorAssemblies (596ms)
				LogAssemblyErrors (0ms)
				InitializePlatformSupportModulesInManaged (13ms)
				SetLoadedEditorAssemblies (0ms)
				RefreshPlugins (95ms)
				BeforeProcessingInitializeOnLoad (82ms)
				ProcessInitializeOnLoadAttributes (381ms)
				ProcessInitializeOnLoadMethodAttributes (23ms)
				AfterProcessingInitializeOnLoad (2ms)
				EditorAssembliesLoaded (0ms)
			ExecutionOrderSort2 (0ms)
			AwakeInstancesAfterBackupRestoration (5ms)
Platform modules already initialized, skipping
========================================================================
Worker process is ready to serve import requests
Launched and connected shader compiler UnityShaderCompiler.exe after 0.05 seconds
Refreshing native plugins compatible for Editor in 0.78 ms, found 12 plugins.
Preloading 1 native plugins for Editor in 0.05 ms.
Unloading 4158 Unused Serialized files (Serialized files now loaded: 0)
Unloading 53 unused Assets / (175.2 KB). Loaded Objects now: 4599.
Memory consumption went from 151.1 MB to 150.9 MB.
Total: 2.977100 ms (FindLiveObjects: 0.304600 ms CreateObjectMapping: 0.279100 ms MarkObjects: 2.267300 ms  DeleteObjects: 0.125400 ms)

AssetImportParameters requested are different than current active one (requested -> active):
  custom:video-decoder-ogg-theora: a1e56fd34408186e4bbccfd4996cb3dc -> 
  custom:container-muxer-webm: aa71ff27fc2769a1b78a27578f13a17b -> 
  custom:container-demuxer-webm: 4f35f7cbe854078d1ac9338744f61a02 -> 
  custom:video-encoder-webm-vp8: eb34c28f22e8b96e1ab97ce403110664 -> 
  custom:video-codec-MediaFoundation-h265: 746d11721c4dcdbdad8f713fa42b33f4 -> 
  custom:audio-encoder-webm-vorbis: bf7c407c2cedff20999df2af8eb42d56 -> 
  custom:framework-win-MediaFoundation: 216162199b28c13a410421893ffa2e32 -> 
  custom:container-demuxer-ogg: 62fdf1f143b41e24485cea50d1cbac27 -> 
  custom:video-decoder-webm-vp8: 9c59270c3fd7afecdb556c50c9e8de78 -> 
  custom:audio-decoder-ogg-vorbis: bf7c407c2cedff20999df2af8eb42d56 -> 
========================================================================
Received Import Request.
  Time since last request: 188986.493668 seconds.
  path: Assets/Low Poly Furniture/Prefabs/Nightstand
  artifactKey: Guid(4f9c4846fcf3d2543bd24aaa2d96e542) Importer(815301076,1909f56bfc062723c751e8b465ee728b)
Start importing Assets/Low Poly Furniture/Prefabs/Nightstand using Guid(4f9c4846fcf3d2543bd24aaa2d96e542) Importer(815301076,1909f56bfc062723c751e8b465ee728b)  -> (artifact id: '442d57ce0242a7352f0741e2f286a669') in 0.009827 seconds 
========================================================================
Received Import Request.
  Time since last request: 0.024532 seconds.
  path: Assets/Low Poly Furniture/Prefabs/Nightstand/Nightstand.prefab
  artifactKey: Guid(08cb072512500c3479d2f37b12d4d825) Importer(815301076,1909f56bfc062723c751e8b465ee728b)
Start importing Assets/Low Poly Furniture/Prefabs/Nightstand/Nightstand.prefab using Guid(08cb072512500c3479d2f37b12d4d825) Importer(815301076,1909f56bfc062723c751e8b465ee728b)  -> (artifact id: 'c3e12c06a821a62fae297967a18b33bb') in 0.096304 seconds 
========================================================================
Received Import Request.
  Time since last request: 10.025383 seconds.
  path: Assets/Low Poly Furniture/Prefabs/Vase
  artifactKey: Guid(99700b038f71a4945a15acf8de87b626) Importer(815301076,1909f56bfc062723c751e8b465ee728b)
Start importing Assets/Low Poly Furniture/Prefabs/Vase using Guid(99700b038f71a4945a15acf8de87b626) Importer(815301076,1909f56bfc062723c751e8b465ee728b)  -> (artifact id: '9ba6a9572501b25db1417572f618fa26') in 0.004513 seconds 
========================================================================
Received Import Request.
  Time since last request: 0.051202 seconds.
  path: Assets/Low Poly Furniture/Prefabs/Vase/Blue Vase.prefab
  artifactKey: Guid(134227e2bfcd30b4aad974d008a937a0) Importer(815301076,1909f56bfc062723c751e8b465ee728b)
Start importing Assets/Low Poly Furniture/Prefabs/Vase/Blue Vase.prefab using Guid(134227e2bfcd30b4aad974d008a937a0) Importer(815301076,1909f56bfc062723c751e8b465ee728b)  -> (artifact id: 'bfe4e0ce420e4048c30cc4289a98745e') in 0.016445 seconds 
========================================================================
Received Import Request.
  Time since last request: 8.696597 seconds.
  path: Assets/Low Poly Furniture/Prefabs/Wardrobe
  artifactKey: Guid(356a8f4aa643a8b4b8f74bef51d2da15) Importer(815301076,1909f56bfc062723c751e8b465ee728b)
Start importing Assets/Low Poly Furniture/Prefabs/Wardrobe using Guid(356a8f4aa643a8b4b8f74bef51d2da15) Importer(815301076,1909f56bfc062723c751e8b465ee728b)  -> (artifact id: 'ae50d867680ac4c9f064657f068280db') in 0.004588 seconds 
========================================================================
Received Import Request.
  Time since last request: 0.052159 seconds.
  path: Assets/Low Poly Furniture/Prefabs/Wardrobe/Standart Wardrobe.prefab
  artifactKey: Guid(945d4f9099e1e9044897b000007b6a91) Importer(815301076,1909f56bfc062723c751e8b465ee728b)
Start importing Assets/Low Poly Furniture/Prefabs/Wardrobe/Standart Wardrobe.prefab using Guid(945d4f9099e1e9044897b000007b6a91) Importer(815301076,1909f56bfc062723c751e8b465ee728b)  -> (artifact id: 'b490fc965330e48608787a453e0b599d') in 0.022815 seconds 
========================================================================
Received Import Request.
  Time since last request: 1315.143901 seconds.
  path: Assets/Low Poly Furniture/Prefabs/Book
  artifactKey: Guid(23f84985f98714948a51dc0912cc6281) Importer(815301076,1909f56bfc062723c751e8b465ee728b)
Start importing Assets/Low Poly Furniture/Prefabs/Book using Guid(23f84985f98714948a51dc0912cc6281) Importer(815301076,1909f56bfc062723c751e8b465ee728b)  -> (artifact id: '363ad23b24b93bf83b332df0b29b81c4') in 0.005303 seconds 
========================================================================
Received Import Request.
  Time since last request: 0.031403 seconds.
  path: Assets/Low Poly Furniture/Prefabs/Book/Black Book.prefab
  artifactKey: Guid(9e604626216d36b4bb52967cf3b88713) Importer(815301076,1909f56bfc062723c751e8b465ee728b)
Start importing Assets/Low Poly Furniture/Prefabs/Book/Black Book.prefab using Guid(9e604626216d36b4bb52967cf3b88713) Importer(815301076,1909f56bfc062723c751e8b465ee728b)  -> (artifact id: '94be9444faf00e68cbd5b5b92c9bdfb2') in 0.017352 seconds 
========================================================================
Received Import Request.
  Time since last request: 0.000015 seconds.
  path: Assets/Low Poly Furniture/Prefabs/Book/Green Book.prefab
  artifactKey: Guid(9ded4a2f612997a4ea4eff7e80932e39) Importer(815301076,1909f56bfc062723c751e8b465ee728b)
Start importing Assets/Low Poly Furniture/Prefabs/Book/Green Book.prefab using Guid(9ded4a2f612997a4ea4eff7e80932e39) Importer(815301076,1909f56bfc062723c751e8b465ee728b)  -> (artifact id: '2e0a0a7f00210cc66bf79731349fceb1') in 0.016348 seconds 
========================================================================
Received Import Request.
  Time since last request: 0.000032 seconds.
  path: Assets/Low Poly Furniture/Prefabs/Book/Yellow Book.prefab
  artifactKey: Guid(26492f5dcfa40dc45851efb6af9c985a) Importer(815301076,1909f56bfc062723c751e8b465ee728b)
Start importing Assets/Low Poly Furniture/Prefabs/Book/Yellow Book.prefab using Guid(26492f5dcfa40dc45851efb6af9c985a) Importer(815301076,1909f56bfc062723c751e8b465ee728b)  -> (artifact id: 'bb8385c470761bd4d32b489ffd04cd12') in 0.014713 seconds 
========================================================================
Received Import Request.
  Time since last request: 2008.848232 seconds.
  path: Assets/ExampleAssets/Prefabs/XRControllerLeft.prefab
  artifactKey: Guid(5b158b94c373d4b4f9e98cdb92789343) Importer(815301076,1909f56bfc062723c751e8b465ee728b)
Start importing Assets/ExampleAssets/Prefabs/XRControllerLeft.prefab using Guid(5b158b94c373d4b4f9e98cdb92789343) Importer(815301076,1909f56bfc062723c751e8b465ee728b)  -> (artifact id: '158ec53b8dccf162219de58d20cf3685') in 0.032553 seconds 
========================================================================
Received Import Request.
  Time since last request: 425.583743 seconds.
  path: Assets/Assets/Prefabs/Light.prefab
  artifactKey: Guid(2e14ca0e9bc94e04f966b5fe8ec262d4) Importer(815301076,1909f56bfc062723c751e8b465ee728b)
Start importing Assets/Assets/Prefabs/Light.prefab using Guid(2e14ca0e9bc94e04f966b5fe8ec262d4) Importer(815301076,1909f56bfc062723c751e8b465ee728b)  -> (artifact id: 'fa6fd456fdf11cafc06fcfdbe70374d2') in 0.017102 seconds 
========================================================================
Received Import Request.
  Time since last request: 0.027970 seconds.
  path: Assets/Assets/Prefabs/Plunger.prefab
  artifactKey: Guid(b43257630abae854ca0c1214918e7343) Importer(815301076,1909f56bfc062723c751e8b465ee728b)
Start importing Assets/Assets/Prefabs/Plunger.prefab using Guid(b43257630abae854ca0c1214918e7343) Importer(815301076,1909f56bfc062723c751e8b465ee728b)  -> (artifact id: 'f49061957efa2ccca34126034591e8b1') in 0.014092 seconds 
========================================================================
Received Import Request.
  Time since last request: 0.000036 seconds.
  path: Assets/Assets/Prefabs/Toilet_Paper.prefab
  artifactKey: Guid(91348a5c3fcf9c046937d7723087f397) Importer(815301076,1909f56bfc062723c751e8b465ee728b)
Start importing Assets/Assets/Prefabs/Toilet_Paper.prefab using Guid(91348a5c3fcf9c046937d7723087f397) Importer(815301076,1909f56bfc062723c751e8b465ee728b)  -> (artifact id: '6873a51ffcc5b059edf3afdc5222bc0a') in 0.013355 seconds 
========================================================================
Received Import Request.
  Time since last request: 0.000029 seconds.
  path: Assets/Assets/Prefabs/Vanity.prefab
  artifactKey: Guid(9a7d0901efeabff4a83ea0133f1043c5) Importer(815301076,1909f56bfc062723c751e8b465ee728b)
Start importing Assets/Assets/Prefabs/Vanity.prefab using Guid(9a7d0901efeabff4a83ea0133f1043c5) Importer(815301076,1909f56bfc062723c751e8b465ee728b)  -> (artifact id: '7f85d57db312ca4f0a18eb07ccb558b1') in 0.018645 seconds 
========================================================================
Received Import Request.
  Time since last request: 0.000025 seconds.
  path: Assets/Assets/Prefabs/Soap.prefab
  artifactKey: Guid(421e2963afeae684eb74478967e7dee2) Importer(815301076,1909f56bfc062723c751e8b465ee728b)
Start importing Assets/Assets/Prefabs/Soap.prefab using Guid(421e2963afeae684eb74478967e7dee2) Importer(815301076,1909f56bfc062723c751e8b465ee728b)  -> (artifact id: 'e9bf81c7c73eee89f8caae4a436f93e9') in 0.012869 seconds 
Editor requested this worker to shutdown with reason: Scaling down because of idle timeout
AssetImportWorker is now disconnected from the server
Process exiting
Exiting without the bug reporter. Application will terminate with return code 0